2026.04.14-21:04:25.275[32m info [39m [caliper] [cli-launch-manager] 	Set workspace path: /home/ankan/DCBA-Simulation
2026.04.14-21:04:25.276[32m info [39m [caliper] [cli-launch-manager] 	Set benchmark configuration path: /home/ankan/DCBA-Simulation/benchmark/benchmark.yaml
2026.04.14-21:04:25.276[32m info [39m [caliper] [cli-launch-manager] 	Set network configuration path: /home/ankan/DCBA-Simulation/benchmark/network.yaml
2026.04.14-21:04:25.276[32m info [39m [caliper] [cli-launch-manager] 	Set SUT type: fabric
2026.04.14-21:04:25.321[32m info [39m [caliper] [benchmark-validator] 	No observer specified, will default to `none`
2026.04.14-21:04:25.321[32m info [39m [caliper] [caliper-engine] 	Starting benchmark flow
2026.04.14-21:04:25.321[32m info [39m [caliper] [caliper-engine] 	Skipping start commands due to benchmark flow conditioning
2026.04.14-21:04:25.322[32m info [39m [caliper] [caliper-engine] 	Skipping initialization phase due to benchmark flow conditioning
2026.04.14-21:04:25.322[32m info [39m [caliper] [caliper-engine] 	Skipping install smart contract phase due to benchmark flow conditioning
2026.04.14-21:04:26.397[32m info [39m [caliper] [FabricConnectorFactory] 	Initializing peer gateway connector compatible with installed fabric-gateway SDK: 1.10.1
2026.04.14-21:04:26.409[31m error[39m [caliper] [caliper-engine] 	Error while performing "test" step: Error: path property /home/ankan/fabric/fabric-samples/test-network/organizations/peerOrganizations/org1.example.com/users/Admin@org1.example.com/msp/signcerts/cert.pem does not point to a file that exists for clientSignedCert for name Admin@org1 in organization Org1MSP
    at IdentityManager._extractPEMFromPath (/home/ankan/DCBA-Simulation/node_modules/@hyperledger/caliper-fabric/lib/identity-management/IdentityManager.js:308:23)
    at async IdentityManager._extractPEMFromPathOrPEMDefinition (/home/ankan/DCBA-Simulation/node_modules/@hyperledger/caliper-fabric/lib/identity-management/IdentityManager.js:280:19)
    at async IdentityManager._extractIdentitiesFromCertificateAndPrivateKeyArray (/home/ankan/DCBA-Simulation/node_modules/@hyperledger/caliper-fabric/lib/identity-management/IdentityManager.js:258:33)
    at async IdentityManager._parseOrganizations (/home/ankan/DCBA-Simulation/node_modules/@hyperledger/caliper-fabric/lib/identity-management/IdentityManager.js:187:25)
    at async IdentityManager.initialize (/home/ankan/DCBA-Simulation/node_modules/@hyperledger/caliper-fabric/lib/identity-management/IdentityManager.js:44:9)
    at async IdentityManagerFactory.create (/home/ankan/DCBA-Simulation/node_modules/@hyperledger/caliper-fabric/lib/identity-management/IdentityManagerFactory.js:33:9)
    at async ConnectorConfiguration.parseConfiguration (/home/ankan/DCBA-Simulation/node_modules/@hyperledger/caliper-fabric/lib/connector-configuration/ConnectorConfiguration.js:53:32)
    at async ConnectorConfigurationFactory.create (/home/ankan/DCBA-Simulation/node_modules/@hyperledger/caliper-fabric/lib/connector-configuration/ConnectorConfigurationFactory.js:34:9)
    at async CaliperEngine.connectorFactory [as adapterFactory] (/home/ankan/DCBA-Simulation/node_modules/@hyperledger/caliper-fabric/lib/FabricConnectorFactory.js:114:36)
    at async CaliperEngine.run (/home/ankan/DCBA-Simulation/node_modules/@hyperledger/caliper-core/lib/manager/caliper-engine.js:150:53)
2026.04.14-21:04:26.409[32m info [39m [caliper] [caliper-engine] 	Skipping end command due to benchmark flow conditioning
2026.04.14-21:04:26.409[31m error[39m [caliper] [cli-launch-manager] 	Benchmark execution failed with error code: 6
Usage:
 caliper launch manager --caliper-bind-sut fabric:2.2 [other options]

Options:
  --help, -h           Show usage information  [boolean]
  --version, -v        Show version information  [boolean]
  --caliper-bind-sut   The name and version of the platform to bind to  [string]
  --caliper-bind-cwd   The working directory for performing the SDK install  [string]
  --caliper-bind-args  Additional arguments to pass to "npm install". Use the "=" notation when setting this parameter  [string]
  --caliper-bind-file  Yaml file to override default (supported) package versions when binding an SDK  [string]

Error: Benchmark execution failed with error code: 6
    at LaunchManager.handler (/home/ankan/DCBA-Simulation/node_modules/@hyperledger/caliper-cli/lib/launch/lib/launchManager.js:89:23)
