Compiled 7 Solidity files successfully (evm target: paris).

🚀 Deploying DCBA contracts...
   Deployer (TA): 0xf39Fd6e51aad88F6F4ce6aB8827279cffFb92266
───────────────────────────────────────────────────────
✓ SC1 IdentityRegistry : 0x5FbDB2315678afecb367f032d93F642f64180aa3
✓ SC7 OracleBridge     : 0xe7f1725E7734CE288F8367e1Bb143E90bb3F0512
✓ SC2 PatientConsent   : 0x9fE46736679d2D9a65F0992F2272dE9f3c7fa6e0
✓ SC3 MedicalRecords   : 0xCf7Ed3AccA5a467e9e704C703E8D87F634fB0Fc9
✓ SC7.setSC3Address()  → linked to SC3
✓ SC4 DCSScoring       : 0x5FC8d32690cc91D4c39d9d3abcBD16989F875707
✓ SC5 DeliveryOrders   : 0x0165878A594ca255338adfa4d48449f69242Eb8F
✓ SC6 DeliveryLifecycle: 0xa513E6E4b8f2a923D98304ec87F64353C4D5C853
✓ SC4.linkSC6()        → SC6 authorized for updateReputation

═══════════════════════════════════════════════════════
✅ All 7 contracts deployed successfully!

📄 Addresses saved to deployed-addresses.json
{
  "SC1": "0x5FbDB2315678afecb367f032d93F642f64180aa3",
  "SC2": "0x9fE46736679d2D9a65F0992F2272dE9f3c7fa6e0",
  "SC3": "0xCf7Ed3AccA5a467e9e704C703E8D87F634fB0Fc9",
  "SC4": "0x5FC8d32690cc91D4c39d9d3abcBD16989F875707",
  "SC5": "0x0165878A594ca255338adfa4d48449f69242Eb8F",
  "SC6": "0xa513E6E4b8f2a923D98304ec87F64353C4D5C853",
  "SC7": "0xe7f1725E7734CE288F8367e1Bb143E90bb3F0512"
}
