Started HTTP and WebSocket JSON-RPC server at http://127.0.0.1:8545/

Accounts
========

WARNING: These accounts, and their private keys, are publicly known.
Any funds sent to them on Mainnet or any other live network WILL BE LOST.

Account #0: 0xf39Fd6e51aad88F6F4ce6aB8827279cffFb92266 (10000 ETH)
Private Key: 0xac0974bec39a17e36ba4a6b4d238ff944bacb478cbed5efcae784d7bf4f2ff80

Account #1: 0x70997970C51812dc3A010C7d01b50e0d17dc79C8 (10000 ETH)
Private Key: 0x59c6995e998f97a5a0044966f0945389dc9e86dae88c7a8412f4603b6b78690d

Account #2: 0x3C44CdDdB6a900fa2b585dd299e03d12FA4293BC (10000 ETH)
Private Key: 0x5de4111afa1a4b94908f83103eb1f1706367c2e68ca870fc3fb9a804cdab365a

Account #3: 0x90F79bf6EB2c4f870365E785982E1f101E93b906 (10000 ETH)
Private Key: 0x7c852118294e51e653712a81e05800f419141751be58f605c371e15141b007a6

Account #4: 0x15d34AAf54267DB7D7c367839AAf71A00a2C6A65 (10000 ETH)
Private Key: 0x47e179ec197488593b187f80a00eb0da91f1b9d0b13f8733639f19c30a34926a

Account #5: 0x9965507D1a55bcC2695C58ba16FB37d819B0A4dc (10000 ETH)
Private Key: 0x8b3a350cf5c34c9194ca85829a2df0ec3153be0318b5e2d3348e872092edffba

Account #6: 0x976EA74026E726554dB657fA54763abd0C3a0aa9 (10000 ETH)
Private Key: 0x92db14e403b83dfe3df233f83dfa3a0d7096f21ca9b0d6d6b8d88b2b4ec1564e

Account #7: 0x14dC79964da2C08b23698B3D3cc7Ca32193d9955 (10000 ETH)
Private Key: 0x4bbbf85ce3377467afe5d46f804f221813b2bb87f24d81f60f1fcdbf7cbf4356

Account #8: 0x23618e81E3f5cdF7f54C3d65f7FBc0aBf5B21E8f (10000 ETH)
Private Key: 0xdbda1821b80551c9d65939329250298aa3472ba22feea921c0cf5d620ea67b97

Account #9: 0xa0Ee7A142d267C1f36714E4a8F75612F20a79720 (10000 ETH)
Private Key: 0x2a871d0798f97d79848a013d4936a73bf4cc922c825d33c1cf7073dff6d409c6

Account #10: 0xBcd4042DE499D14e55001CcbB24a551F3b954096 (10000 ETH)
Private Key: 0xf214f2b2cd398c806f84e317254e0f0b801d0643303237d97a22a48e01628897

Account #11: 0x71bE63f3384f5fb98995898A86B02Fb2426c5788 (10000 ETH)
Private Key: 0x701b615bbdfb9de65240bc28bd21bbc0d996645a3dd57e7b12bc2bdf6f192c82

Account #12: 0xFABB0ac9d68B0B445fB7357272Ff202C5651694a (10000 ETH)
Private Key: 0xa267530f49f8280200edf313ee7af6b827f2a8bce2897751d06a843f644967b1

Account #13: 0x1CBd3b2770909D4e10f157cABC84C7264073C9Ec (10000 ETH)
Private Key: 0x47c99abed3324a2707c28affff1267e45918ec8c3f20b8aa892e8b065d2942dd

Account #14: 0xdF3e18d64BC6A983f673Ab319CCaE4f1a57C7097 (10000 ETH)
Private Key: 0xc526ee95bf44d8fc405a158bb884d9d1238d99f0612e9f33d006bb0789009aaa

Account #15: 0xcd3B766CCDd6AE721141F452C550Ca635964ce71 (10000 ETH)
Private Key: 0x8166f546bab6da521a8369cab06c5d2b9e46670292d85c875ee9ec20e84ffb61

Account #16: 0x2546BcD3c84621e976D8185a91A922aE77ECEc30 (10000 ETH)
Private Key: 0xea6c44ac03bff858b476bba40716402b03e41b8e97e276d1baec7c37d42484a0

Account #17: 0xbDA5747bFD65F08deb54cb465eB87D40e51B197E (10000 ETH)
Private Key: 0x689af8efa8c651a91ad287602527f3af2fe9f6501a7ac4b061667b5a93e037fd

Account #18: 0xdD2FD4581271e230360230F9337D5c0430Bf44C0 (10000 ETH)
Private Key: 0xde9be858da4a475276426320d5e9262ecfc3ba460bfac56360bfa6c4c28b4ee0

Account #19: 0x8626f6940E2eb28930eFb4CeF49B2d1F2C9C1199 (10000 ETH)
Private Key: 0xdf57089febbacf7ba0bc227dafbffa9fc08a93fdc68e1e42411a14efcf23656e

WARNING: These accounts, and their private keys, are publicly known.
Any funds sent to them on Mainnet or any other live network WILL BE LOST.

[32meth_blockNumber[0m
[32meth_chainId[0m
[32meth_accounts[0m
[32meth_accounts (2)[0m
[32meth_blockNumber[0m
[32meth_estimateGas[0m
[32meth_getBlockByNumber[0m
[32meth_feeHistory[0m
[32meth_maxPriorityFeePerGas[0m
[32meth_sendTransaction[0m
  Contract deployment: SC1_IdentityRegistry
  Contract address:    0x5fbdb2315678afecb367f032d93f642f64180aa3
  Transaction:         0x91aa7f9acad7394d82ad4076b754a06befb892bc4a6f6bda4d45316eb4c111a0
  From:                0xf39fd6e51aad88f6f4ce6ab8827279cfffb92266
  Value:               0 ETH
  Gas used:            660784 of 660784
  Block #1:            0xb9df553440d7c1b91cc747e3928a6467b5c241fa857a59d3d056fb109d63bf75

[32meth_getTransactionByHash[0m
[32meth_getTransactionReceipt[0m
[32meth_accounts[0m
[32meth_blockNumber[0m
[32meth_estimateGas[0m
[32meth_feeHistory[0m
[32meth_sendTransaction[0m
  Contract deployment: SC7_OracleBridge
  Contract address:    0xe7f1725e7734ce288f8367e1bb143e90bb3f0512
  Transaction:         0x77b295acca1b36a00ba16cbbf52243c76ddea47d7295ac676fa8765ae0b8b8b8
  From:                0xf39fd6e51aad88f6f4ce6ab8827279cfffb92266
  Value:               0 ETH
  Gas used:            383565 of 383565
  Block #2:            0xbb954cbcbfd696845aec1ae31d8a76db9edbae438fd32cfcb00a3e315fbcd297

[32meth_getTransactionByHash[0m
[32meth_getTransactionReceipt[0m
[32meth_accounts[0m
[32meth_blockNumber[0m
[32meth_estimateGas[0m
[32meth_feeHistory[0m
[32meth_sendTransaction[0m
  Contract deployment: SC2_PatientConsent
  Contract address:    0x9fe46736679d2d9a65f0992f2272de9f3c7fa6e0
  Transaction:         0x0828bf81718125b2ca9430659781a2bb61cc65bc4a836350f15a0f7239e6943f
  From:                0xf39fd6e51aad88f6f4ce6ab8827279cfffb92266
  Value:               0 ETH
  Gas used:            429017 of 429017
  Block #3:            0xc60f0ef36174cec64bc2823233f048f606c118442bbb8a3f65abe697f9a124e8

[32meth_getTransactionByHash[0m
[32meth_getTransactionReceipt[0m
[32meth_accounts[0m
[32meth_blockNumber[0m
[32meth_estimateGas[0m
[32meth_feeHistory[0m
[32meth_sendTransaction[0m
  Contract deployment: SC3_MedicalRecords
  Contract address:    0xcf7ed3acca5a467e9e704c703e8d87f634fb0fc9
  Transaction:         0x6606fa16717637be84977fcb65fc09f2c21ba18ed599cb8cc2525f477202528f
  From:                0xf39fd6e51aad88f6f4ce6ab8827279cfffb92266
  Value:               0 ETH
  Gas used:            873479 of 873479
  Block #4:            0x00ac3d88397f818de5e2c0e780406f83e383f317eddfef5f8fc5a28079cc1f01

[32meth_getTransactionByHash[0m
[32meth_getTransactionReceipt[0m
[32meth_blockNumber[0m
[32meth_estimateGas[0m
[32meth_feeHistory[0m
[32meth_sendTransaction[0m
  Contract call:       SC7_OracleBridge#setSC3Address
  Transaction:         0x229c5074fda5bb125fad2d67f8849f3c31561842357187098c69f02d4f553b91
  From:                0xf39fd6e51aad88f6f4ce6ab8827279cfffb92266
  To:                  0xe7f1725e7734ce288f8367e1bb143e90bb3f0512
  Value:               0 ETH
  Gas used:            46043 of 46043
  Block #5:            0x99273840631f240e1ec6f787958b608e0f930e700e8a9cb61d393b659fb1506c

[32meth_getTransactionByHash[0m
[32meth_accounts[0m
[32meth_blockNumber[0m
[32meth_estimateGas[0m
[32meth_feeHistory[0m
[32meth_sendTransaction[0m
  Contract deployment: SC4_DCSScoring
  Contract address:    0x5fc8d32690cc91d4c39d9d3abcbd16989f875707
  Transaction:         0xdb17d623798cd848426177b14d3d5de6164936720e16685214647504195dceb9
  From:                0xf39fd6e51aad88f6f4ce6ab8827279cfffb92266
  Value:               0 ETH
  Gas used:            1754294 of 1754294
  Block #6:            0x56d8ccf062f158cdd0247d62b92da5c2c6e8755731c09e05d7cfa957bb133508

[32meth_getTransactionByHash[0m
[32meth_getTransactionReceipt[0m
[32meth_accounts[0m
[32meth_blockNumber[0m
[32meth_estimateGas[0m
[32meth_feeHistory[0m
[32meth_sendTransaction[0m
  Contract deployment: SC5_DeliveryOrders
  Contract address:    0x0165878a594ca255338adfa4d48449f69242eb8f
  Transaction:         0x46da4cdf8b380282c158f1e76b32f81be587c693956e28c2ea8331fdf0b1c52d
  From:                0xf39fd6e51aad88f6f4ce6ab8827279cfffb92266
  Value:               0 ETH
  Gas used:            2353776 of 2353776
  Block #7:            0x60cc50406db552bb3bbdb69e251d1b3fd9a783d30ed6e1b002c9a7db79aee610

[32meth_getTransactionByHash[0m
[32meth_getTransactionReceipt[0m
[32meth_accounts[0m
[32meth_blockNumber[0m
[32meth_estimateGas[0m
[32meth_feeHistory[0m
[32meth_sendTransaction[0m
  Contract deployment: SC6_DeliveryLifecycle
  Contract address:    0xa513e6e4b8f2a923d98304ec87f64353c4d5c853
  Transaction:         0x7f395b4f039fe318928ee6966ce082aa78bff44136a0e77ca56e98b04d2c85ee
  From:                0xf39fd6e51aad88f6f4ce6ab8827279cfffb92266
  Value:               0 ETH
  Gas used:            1328996 of 1328996
  Block #8:            0x77d2814bf092977a50208215f2e0bb53a0cb006b284cfcd07d2d271aad80487e

[32meth_getTransactionByHash[0m
[32meth_getTransactionReceipt[0m
[32meth_blockNumber[0m
[32meth_estimateGas[0m
[32meth_feeHistory[0m
[32meth_sendTransaction[0m
  Contract call:       SC4_DCSScoring#linkSC6
  Transaction:         0x9877aa33084dfe8fe779e647512ec04cfa07a6c341ca3d94e0bdfb9a393f3239
  From:                0xf39fd6e51aad88f6f4ce6ab8827279cfffb92266
  To:                  0x5fc8d32690cc91d4c39d9d3abcbd16989f875707
  Value:               0 ETH
  Gas used:            44165 of 44165
  Block #9:            0xfea90cf5c5bf886c0ad56e0bb6f03b526c8c19211d33e7e643484de418cb99e6

[32meth_getTransactionByHash[0m
[32meth_chainId[0m
[32meth_accounts[0m
[32meth_newFilter[0m
[32meth_chainId[0m
[32meth_getFilterChanges[0m
[32meth_blockNumber[0m
[32meth_blockNumber (2)[0m
[32meth_blockNumber (3)[0m
[32meth_chainId[0m
[32meth_accounts[0m
[32meth_blockNumber[0m
[32meth_estimateGas[0m
[32meth_getBlockByNumber[0m
[32meth_feeHistory[0m
[32meth_sendTransaction[0m
  Contract call:       SC1_IdentityRegistry#register
  Transaction:         0x68dbdaad518b29494a97f5f29fc8e03716e1caef093ada09d5c9182d4f668deb
  From:                0xf39fd6e51aad88f6f4ce6ab8827279cfffb92266
  To:                  0x5fbdb2315678afecb367f032d93f642f64180aa3
  Value:               0 ETH
  Gas used:            118712 of 118712
  Block #10:           0xf07d08ab21d25fdc892e48c2b43fe896ef60a20520eeba16371a9812bdbb1ff6

[32meth_getTransactionByHash[0m
[32meth_blockNumber[0m
[32meth_estimateGas[0m
[32meth_feeHistory[0m
[32meth_sendTransaction[0m
  Contract call:       SC1_IdentityRegistry#register
  Transaction:         0x5b4034276896bce1cdeed799c1309752e77b74ed1f80ba997b9a2199c2e80172
  From:                0xf39fd6e51aad88f6f4ce6ab8827279cfffb92266
  To:                  0x5fbdb2315678afecb367f032d93f642f64180aa3
  Value:               0 ETH
  Gas used:            118580 of 118580
  Block #11:           0x211f1362ae79b401cf0440030d6d535d8e2af83727d2046427b3380773687826

[32meth_getTransactionByHash[0m
[32meth_blockNumber[0m
[32meth_estimateGas[0m
[32meth_feeHistory[0m
[32meth_sendTransaction[0m
  Contract call:       SC1_IdentityRegistry#register
  Transaction:         0x10699ddb6754b9794d04b1e8df66425f20f333e55c04670c601e10722095d201
  From:                0xf39fd6e51aad88f6f4ce6ab8827279cfffb92266
  To:                  0x5fbdb2315678afecb367f032d93f642f64180aa3
  Value:               0 ETH
  Gas used:            118676 of 118676
  Block #12:           0x2f5179f5f7543694a29c56a2dd14e958c3a40d833325dc5dc826fe602700dd36

[32meth_getTransactionByHash[0m
[32meth_blockNumber[0m
[32meth_estimateGas[0m
[32meth_feeHistory[0m
[32meth_sendTransaction[0m
  Contract call:       SC1_IdentityRegistry#register
  Transaction:         0x0bf722dde98b887f09f9f08e546d7c771e0cd22942f29c45276425dc53c05d23
  From:                0xf39fd6e51aad88f6f4ce6ab8827279cfffb92266
  To:                  0x5fbdb2315678afecb367f032d93f642f64180aa3
  Value:               0 ETH
  Gas used:            118712 of 118712
  Block #13:           0xd02a3189c1a7b7515fbb5fb0b6fcd80d1b2f760f3443cd1e32fb6bd1eaa2e687

[32meth_getTransactionByHash[0m
[32meth_blockNumber[0m
[32meth_estimateGas[0m
[32meth_feeHistory[0m
[32meth_sendTransaction[0m
  Contract call:       SC1_IdentityRegistry#register
  Transaction:         0x55c970ea0ce18de2d7dfbd47d54501853ff0107019b9bc6d1999e4174b104852
  From:                0xf39fd6e51aad88f6f4ce6ab8827279cfffb92266
  To:                  0x5fbdb2315678afecb367f032d93f642f64180aa3
  Value:               0 ETH
  Gas used:            118628 of 118628
  Block #14:           0x4d5770eb6a3a3aaaa8601d2b2dff048735d4d5f7a361bdea5e6e24315d858c51

[32meth_getTransactionByHash[0m
[32meth_blockNumber[0m
[32meth_estimateGas[0m
[32meth_feeHistory[0m
[32meth_sendTransaction[0m
  Contract call:       SC1_IdentityRegistry#register
  Transaction:         0xfa8aad225126528d6db2167a5ab974f2b773da80716adf0cd21e4e2baf7c21d6
  From:                0xf39fd6e51aad88f6f4ce6ab8827279cfffb92266
  To:                  0x5fbdb2315678afecb367f032d93f642f64180aa3
  Value:               0 ETH
  Gas used:            118628 of 118628
  Block #15:           0x03bf3bf4098614f52bada91d27ed5243f5b64c5d0107795c487247b002255926

[32meth_getTransactionByHash[0m
[32meth_blockNumber[0m
[32meth_estimateGas[0m
[32meth_feeHistory[0m
[32meth_sendTransaction[0m
  Contract call:       SC2_PatientConsent#grantAccess
  Transaction:         0x62b999fbc50bdd04dea3ff0012311f720bb8df0576c02e1eae06fa6fe8928ceb
  From:                0x70997970c51812dc3a010c7d01b50e0d17dc79c8
  To:                  0x9fe46736679d2d9a65f0992f2272de9f3c7fa6e0
  Value:               0 ETH
  Gas used:            101255 of 101255
  Block #16:           0x5f31a7ef245e31287543da0efd3f65e0bb3255c0ac3886e5bcd2b3dc701248da

[32meth_getTransactionByHash[0m
[32meth_call[0m
  Contract call:       SC2_PatientConsent#hasAccess
  From:                0xf39fd6e51aad88f6f4ce6ab8827279cfffb92266
  To:                  0x9fe46736679d2d9a65f0992f2272de9f3c7fa6e0

[32meth_blockNumber[0m
[32meth_estimateGas[0m
[32meth_feeHistory[0m
[32meth_sendTransaction[0m
  Contract call:       SC3_MedicalRecords#addRecord
  Transaction:         0x86dd2991fd666080adebd0fe7e2584ee71b8c8a55d5c0e8e5104a49970a8cbe7
  From:                0x3c44cdddb6a900fa2b585dd299e03d12fa4293bc
  To:                  0xcf7ed3acca5a467e9e704c703e8d87f634fb0fc9
  Value:               0 ETH
  Gas used:            324366 of 324366
  Block #17:           0xedbf688d292c2aeff67b2f268265da117e15bb8abbef605a2ff6bc0226a7e064

[32meth_getTransactionByHash[0m
[32meth_call[0m
  Contract call:       SC7_OracleBridge#checkHash
  From:                0xf39fd6e51aad88f6f4ce6ab8827279cfffb92266
  To:                  0xe7f1725e7734ce288f8367e1bb143e90bb3f0512

[32meth_blockNumber[0m
[32meth_estimateGas[0m
[32meth_feeHistory[0m
[32meth_sendTransaction[0m
  Contract call:       SC5_DeliveryOrders#submitOrder
  Transaction:         0x7237b8d4015cdaf34459e9198578e71153b69c1e088ea65ac9029531873453a3
  From:                0x3c44cdddb6a900fa2b585dd299e03d12fa4293bc
  To:                  0x0165878a594ca255338adfa4d48449f69242eb8f
  Value:               0 ETH
  Gas used:            460861 of 460861
  Block #18:           0xcd32896714c653b76d27b2a85e3a84d51216e5bff0fb25a2167d5564164b5733

[32meth_getTransactionByHash[0m
[32meth_getTransactionReceipt[0m
[32meth_call[0m
  Contract call:       SC5_DeliveryOrders#getOrder
  From:                0xf39fd6e51aad88f6f4ce6ab8827279cfffb92266
  To:                  0x0165878a594ca255338adfa4d48449f69242eb8f

[32meth_call[0m
  Contract call:       SC5_DeliveryOrders#getParsLabel
  From:                0xf39fd6e51aad88f6f4ce6ab8827279cfffb92266
  To:                  0x0165878a594ca255338adfa4d48449f69242eb8f

[32meth_blockNumber[0m
[32meth_estimateGas[0m
[32meth_feeHistory[0m
[32meth_sendTransaction[0m
  Contract call:       SC5_DeliveryOrders#confirmStock
  Transaction:         0xbf20e1840a51e53a5bd6e9503e5583bf4546d7a86009318ec99cf657961b76a5
  From:                0x90f79bf6eb2c4f870365e785982e1f101e93b906
  To:                  0x0165878a594ca255338adfa4d48449f69242eb8f
  Value:               0 ETH
  Gas used:            49017 of 49017
  Block #19:           0xa32695d719c17f7b1e45418ab69e57b16f4e76a44722b719b7943479f3ac733c

[32meth_getTransactionByHash[0m
[32meth_blockNumber[0m
[32meth_estimateGas[0m
[32meth_feeHistory[0m
[32meth_sendTransaction[0m
  Contract call:       SC4_DCSScoring#openRound
  Transaction:         0xe4ca4d9afd5f2f32b717b36ccfb2387dd1f21d616f932337330c38a89dd444c2
  From:                0x15d34aaf54267db7d7c367839aaf71a00a2c6a65
  To:                  0x5fc8d32690cc91d4c39d9d3abcbd16989f875707
  Value:               0 ETH
  Gas used:            109061 of 109061
  Block #20:           0x6418f0c89778c09d68b8879da9392dac83b704fc786c58ca88480f336fdd32c6

[32meth_getTransactionByHash[0m
[32meth_call[0m
  Contract call:       SC4_DCSScoring#computeScore
  From:                0xf39fd6e51aad88f6f4ce6ab8827279cfffb92266
  To:                  0x5fc8d32690cc91d4c39d9d3abcbd16989f875707

[32meth_call[0m
  Contract call:       SC4_DCSScoring#computeScore
  From:                0xf39fd6e51aad88f6f4ce6ab8827279cfffb92266
  To:                  0x5fc8d32690cc91d4c39d9d3abcbd16989f875707

[32meth_blockNumber[0m
[31meth_estimateGas[0m
  Contract call:       SC4_DCSScoring#submitScore
  From:                0x9965507d1a55bcc2695c58ba16fb37d819b0a4dc
  To:                  0x5fc8d32690cc91d4c39d9d3abcbd16989f875707
  Value:               0 ETH

  Error: reverted with reason string 'Phase 1 failed: UAV not in Bloom filter'

[32meth_blockNumber[0m
[32meth_chainId[0m
[32meth_getFilterChanges[0m
[32meth_chainId[0m
[32meth_call[0m
  Contract call:       SC7_OracleBridge#checkHash
  From:                0xf39fd6e51aad88f6f4ce6ab8827279cfffb92266
  To:                  0xe7f1725e7734ce288f8367e1bb143e90bb3f0512

[32meth_blockNumber[0m
[32meth_blockNumber (2)[0m
[32meth_blockNumber (3)[0m
[32meth_blockNumber (4)[0m
[32meth_blockNumber (5)[0m
[32meth_blockNumber (6)[0m
[32meth_blockNumber (7)[0m
[32meth_blockNumber (8)[0m
[32meth_blockNumber (9)[0m
[32meth_blockNumber (10)[0m
[32meth_blockNumber (11)[0m
[32meth_blockNumber (12)[0m
[32meth_blockNumber (13)[0m
[32meth_blockNumber (14)[0m
[32meth_blockNumber (15)[0m
[32meth_blockNumber (16)[0m
[32meth_blockNumber (17)[0m
[32meth_blockNumber (18)[0m
[32meth_blockNumber (19)[0m
[32meth_blockNumber (20)[0m
[32meth_blockNumber (21)[0m
[32meth_blockNumber (22)[0m
[32meth_blockNumber (23)[0m
[32meth_blockNumber (24)[0m
[32meth_blockNumber (25)[0m
[32meth_blockNumber (26)[0m
[32meth_blockNumber (27)[0m
[32meth_blockNumber (28)[0m
[32meth_blockNumber (29)[0m
[32meth_blockNumber (30)[0m
[32meth_blockNumber (31)[0m
[32meth_blockNumber (32)[0m
[32meth_blockNumber (33)[0m
[32meth_blockNumber (34)[0m
[32meth_blockNumber (35)[0m
[32meth_blockNumber (36)[0m
[32meth_blockNumber (37)[0m
[32meth_blockNumber (38)[0m
[32meth_blockNumber (39)[0m
[32meth_blockNumber (40)[0m
[32meth_blockNumber (41)[0m
[32meth_blockNumber (42)[0m
[32meth_blockNumber (43)[0m
[32meth_blockNumber (44)[0m
[32meth_blockNumber (45)[0m
[32meth_blockNumber (46)[0m
[32meth_blockNumber (47)[0m
[32meth_blockNumber (48)[0m
[32meth_blockNumber (49)[0m
[32meth_blockNumber (50)[0m
[32meth_blockNumber (51)[0m
[32meth_blockNumber (52)[0m
[32meth_blockNumber (53)[0m
[32meth_blockNumber (54)[0m
[32meth_blockNumber (55)[0m
[32meth_blockNumber (56)[0m
[32meth_blockNumber (57)[0m
[32meth_blockNumber (58)[0m
[32meth_blockNumber (59)[0m
[32meth_blockNumber (60)[0m
[32meth_blockNumber (61)[0m
[32meth_blockNumber (62)[0m
[32meth_blockNumber (63)[0m
[32meth_blockNumber (64)[0m
[32meth_blockNumber (65)[0m
[32meth_blockNumber (66)[0m
[32meth_blockNumber (67)[0m
[32meth_blockNumber (68)[0m
[32meth_blockNumber (69)[0m
[32meth_blockNumber (70)[0m
[32meth_blockNumber (71)[0m
[32meth_blockNumber (72)[0m
[32meth_blockNumber (73)[0m
[32meth_blockNumber (74)[0m
[32meth_blockNumber (75)[0m
[32meth_blockNumber (76)[0m
[32meth_blockNumber (77)[0m
[32meth_blockNumber (78)[0m
[32meth_blockNumber (79)[0m
[32meth_blockNumber (80)[0m
[32meth_blockNumber (81)[0m
[32meth_blockNumber (82)[0m
[32meth_blockNumber (83)[0m
[32meth_blockNumber (84)[0m
[32meth_blockNumber (85)[0m
[32meth_blockNumber (86)[0m
[32meth_blockNumber (87)[0m
[32meth_blockNumber (88)[0m
[32meth_blockNumber (89)[0m
[32meth_blockNumber (90)[0m
[32meth_blockNumber (91)[0m
[32meth_blockNumber (92)[0m
[32meth_blockNumber (93)[0m
[32meth_blockNumber (94)[0m
[32meth_blockNumber (95)[0m
[32meth_blockNumber (96)[0m
[32meth_blockNumber (97)[0m
[32meth_blockNumber (98)[0m
[32meth_blockNumber (99)[0m
[32meth_blockNumber (100)[0m
[32meth_blockNumber (101)[0m
[32meth_blockNumber (102)[0m
[32meth_blockNumber (103)[0m
[32meth_blockNumber (104)[0m
[32meth_blockNumber (105)[0m
[32meth_blockNumber (106)[0m
[32meth_blockNumber (107)[0m
[32meth_blockNumber (108)[0m
[32meth_blockNumber (109)[0m
[32meth_blockNumber (110)[0m
[32meth_blockNumber (111)[0m
[32meth_blockNumber (112)[0m
[32meth_blockNumber (113)[0m
[32meth_blockNumber (114)[0m
[32meth_blockNumber (115)[0m
[32meth_blockNumber (116)[0m
[32meth_blockNumber (117)[0m
[32meth_blockNumber (118)[0m
[32meth_blockNumber (119)[0m
[32meth_blockNumber (120)[0m
[32meth_blockNumber (121)[0m
[32meth_blockNumber (122)[0m
[32meth_blockNumber (123)[0m
[32meth_blockNumber (124)[0m
[32meth_blockNumber (125)[0m
[32meth_blockNumber (126)[0m
[32meth_blockNumber (127)[0m
[32meth_blockNumber (128)[0m
[32meth_blockNumber (129)[0m
[32meth_blockNumber (130)[0m
[32meth_blockNumber (131)[0m
[32meth_blockNumber (132)[0m
[32meth_blockNumber (133)[0m
[32meth_blockNumber (134)[0m
[32meth_blockNumber (135)[0m
[32meth_blockNumber (136)[0m
[32meth_blockNumber (137)[0m
[32meth_blockNumber (138)[0m
[32meth_blockNumber (139)[0m
[32meth_blockNumber (140)[0m
[32meth_blockNumber (141)[0m
[32meth_blockNumber (142)[0m
[32meth_blockNumber (143)[0m
[32meth_blockNumber (144)[0m
[32meth_blockNumber (145)[0m
[32meth_blockNumber (146)[0m
[32meth_blockNumber (147)[0m
[32meth_blockNumber (148)[0m
[32meth_blockNumber (149)[0m
[32meth_blockNumber (150)[0m
[32meth_blockNumber (151)[0m
[32meth_blockNumber (152)[0m
[32meth_blockNumber (153)[0m
[32meth_blockNumber (154)[0m
[32meth_blockNumber (155)[0m
[32meth_blockNumber (156)[0m
[32meth_blockNumber (157)[0m
[32meth_blockNumber (158)[0m
[32meth_blockNumber (159)[0m
[32meth_blockNumber (160)[0m
[32meth_blockNumber (161)[0m
[32meth_blockNumber (162)[0m
[32meth_blockNumber (163)[0m
[32meth_blockNumber (164)[0m
[32meth_blockNumber (165)[0m
[32meth_blockNumber (166)[0m
[32meth_blockNumber (167)[0m
[32meth_blockNumber (168)[0m
[32meth_blockNumber (169)[0m
[32meth_blockNumber (170)[0m
[32meth_blockNumber (171)[0m
[32meth_blockNumber (172)[0m
[32meth_blockNumber (173)[0m
[32meth_blockNumber (174)[0m
[32meth_blockNumber (175)[0m
[32meth_blockNumber (176)[0m
[32meth_blockNumber (177)[0m
[32meth_blockNumber (178)[0m
[32meth_blockNumber (179)[0m
[32meth_blockNumber (180)[0m
[32meth_blockNumber (181)[0m
[32meth_blockNumber (182)[0m
[32meth_blockNumber (183)[0m
[32meth_blockNumber (184)[0m
[32meth_blockNumber (185)[0m
[32meth_blockNumber (186)[0m
[32meth_blockNumber (187)[0m
[32meth_blockNumber (188)[0m
[32meth_blockNumber (189)[0m
[32meth_blockNumber (190)[0m
[32meth_blockNumber (191)[0m
[32meth_blockNumber (192)[0m
[32meth_blockNumber (193)[0m
[32meth_blockNumber (194)[0m
[32meth_blockNumber (195)[0m
[32meth_blockNumber (196)[0m
[32meth_blockNumber (197)[0m
[32meth_blockNumber (198)[0m
[32meth_blockNumber (199)[0m
[32meth_blockNumber (200)[0m
[32meth_blockNumber (201)[0m
[32meth_blockNumber (202)[0m
[32meth_blockNumber (203)[0m
[32meth_blockNumber (204)[0m
[32meth_blockNumber (205)[0m
[32meth_blockNumber (206)[0m
[32meth_blockNumber (207)[0m
[32meth_blockNumber (208)[0m
[32meth_blockNumber (209)[0m
[32meth_blockNumber (210)[0m
[32meth_blockNumber (211)[0m
[32meth_blockNumber (212)[0m
[32meth_blockNumber (213)[0m
[32meth_blockNumber (214)[0m
[32meth_blockNumber (215)[0m
[32meth_blockNumber (216)[0m
[32meth_blockNumber (217)[0m
[32meth_blockNumber (218)[0m
[32meth_blockNumber (219)[0m
[32meth_blockNumber (220)[0m
[32meth_blockNumber (221)[0m
[32meth_blockNumber (222)[0m
[32meth_blockNumber (223)[0m
[32meth_blockNumber (224)[0m
[32meth_blockNumber (225)[0m
[32meth_blockNumber (226)[0m
[32meth_blockNumber (227)[0m
[32meth_blockNumber (228)[0m
[32meth_blockNumber (229)[0m
[32meth_blockNumber (230)[0m
[32meth_blockNumber (231)[0m
[32meth_blockNumber (232)[0m
[32meth_blockNumber (233)[0m
[32meth_blockNumber (234)[0m
[32meth_blockNumber (235)[0m
[32meth_blockNumber (236)[0m
[32meth_blockNumber (237)[0m
[32meth_blockNumber (238)[0m
[32meth_blockNumber (239)[0m
[32meth_blockNumber (240)[0m
[32meth_blockNumber (241)[0m
[32meth_blockNumber (242)[0m
[32meth_blockNumber (243)[0m
[32meth_blockNumber (244)[0m
[32meth_blockNumber (245)[0m
[32meth_blockNumber (246)[0m
[32meth_blockNumber (247)[0m
[32meth_blockNumber (248)[0m
[32meth_blockNumber (249)[0m
[32meth_blockNumber (250)[0m
[32meth_blockNumber (251)[0m
[32meth_blockNumber (252)[0m
[32meth_blockNumber (253)[0m
[32meth_blockNumber (254)[0m
[32meth_blockNumber (255)[0m
[32meth_blockNumber (256)[0m
[32meth_blockNumber (257)[0m
[32meth_blockNumber (258)[0m
[32meth_blockNumber (259)[0m
[32meth_blockNumber (260)[0m
[32meth_blockNumber (261)[0m
[32meth_blockNumber (262)[0m
[32meth_blockNumber (263)[0m
[32meth_blockNumber (264)[0m
[32meth_blockNumber (265)[0m
[32meth_blockNumber (266)[0m
[32meth_blockNumber (267)[0m
[32meth_blockNumber (268)[0m
[32meth_blockNumber (269)[0m
[32meth_blockNumber (270)[0m
[32meth_blockNumber (271)[0m
[32meth_blockNumber (272)[0m
[32meth_blockNumber (273)[0m
[32meth_blockNumber (274)[0m
[32meth_blockNumber (275)[0m
[32meth_blockNumber (276)[0m
[32meth_blockNumber (277)[0m
[32meth_blockNumber (278)[0m
[32meth_blockNumber (279)[0m
[32meth_blockNumber (280)[0m
[32meth_blockNumber (281)[0m
[32meth_blockNumber (282)[0m
[32meth_blockNumber (283)[0m
[32meth_blockNumber (284)[0m
[32meth_blockNumber (285)[0m
[32meth_blockNumber (286)[0m
[32meth_blockNumber (287)[0m
[32meth_blockNumber (288)[0m
[32meth_blockNumber (289)[0m
[32meth_blockNumber (290)[0m
[32meth_blockNumber (291)[0m
[32meth_blockNumber (292)[0m
[32meth_blockNumber (293)[0m
[32meth_blockNumber (294)[0m
[32meth_blockNumber (295)[0m
[32meth_blockNumber (296)[0m
[32meth_blockNumber (297)[0m
[32meth_blockNumber (298)[0m
[32meth_blockNumber (299)[0m
[32meth_blockNumber (300)[0m
[32meth_blockNumber (301)[0m
[32meth_blockNumber (302)[0m
[32meth_blockNumber (303)[0m
[32meth_blockNumber (304)[0m
[32meth_blockNumber (305)[0m
[32meth_blockNumber (306)[0m
[32meth_blockNumber (307)[0m
[32meth_blockNumber (308)[0m
[32meth_blockNumber (309)[0m
[32meth_blockNumber (310)[0m
[32meth_blockNumber (311)[0m
[32meth_blockNumber (312)[0m
[32meth_blockNumber (313)[0m
[32meth_blockNumber (314)[0m
[32meth_blockNumber (315)[0m
[32meth_blockNumber (316)[0m
[32meth_blockNumber (317)[0m
[32meth_blockNumber (318)[0m
[32meth_blockNumber (319)[0m
[32meth_blockNumber (320)[0m
[32meth_blockNumber (321)[0m
[32meth_blockNumber (322)[0m
[32meth_blockNumber (323)[0m
[32meth_blockNumber (324)[0m
[32meth_blockNumber (325)[0m
[32meth_blockNumber (326)[0m
[32meth_blockNumber (327)[0m
[32meth_blockNumber (328)[0m
[32meth_blockNumber (329)[0m
[32meth_blockNumber (330)[0m
[32meth_blockNumber (331)[0m
[32meth_blockNumber (332)[0m
[32meth_blockNumber (333)[0m
[32meth_blockNumber (334)[0m
[32meth_blockNumber (335)[0m
[32meth_blockNumber (336)[0m
[32meth_blockNumber (337)[0m
[32meth_blockNumber (338)[0m
[32meth_blockNumber (339)[0m
[32meth_blockNumber (340)[0m
[32meth_blockNumber (341)[0m
[32meth_blockNumber (342)[0m
[32meth_blockNumber (343)[0m
[32meth_blockNumber (344)[0m
[32meth_blockNumber (345)[0m
[32meth_blockNumber (346)[0m
[32meth_blockNumber (347)[0m
[32meth_blockNumber (348)[0m
[32meth_blockNumber (349)[0m
[32meth_blockNumber (350)[0m
[32meth_blockNumber (351)[0m
[32meth_blockNumber (352)[0m
[32meth_blockNumber (353)[0m
[32meth_blockNumber (354)[0m
[32meth_blockNumber (355)[0m
[32meth_blockNumber (356)[0m
[32meth_blockNumber (357)[0m
[32meth_blockNumber (358)[0m
[32meth_blockNumber (359)[0m
[32meth_blockNumber (360)[0m
[32meth_blockNumber (361)[0m
[32meth_blockNumber (362)[0m
[32meth_blockNumber (363)[0m
[32meth_blockNumber (364)[0m
[32meth_blockNumber (365)[0m
[32meth_blockNumber (366)[0m
[32meth_blockNumber (367)[0m
[32meth_blockNumber (368)[0m
[32meth_blockNumber (369)[0m
[32meth_blockNumber (370)[0m
[32meth_blockNumber (371)[0m
[32meth_blockNumber (372)[0m
[32meth_blockNumber (373)[0m
[32meth_blockNumber (374)[0m
[32meth_blockNumber (375)[0m
[32meth_blockNumber (376)[0m
[32meth_blockNumber (377)[0m
[32meth_blockNumber (378)[0m
[32meth_blockNumber (379)[0m
[32meth_blockNumber (380)[0m
[32meth_blockNumber (381)[0m
[32meth_blockNumber (382)[0m
[32meth_blockNumber (383)[0m
[32meth_blockNumber (384)[0m
[32meth_blockNumber (385)[0m
[32meth_blockNumber (386)[0m
[32meth_blockNumber (387)[0m
[32meth_blockNumber (388)[0m
[32meth_blockNumber (389)[0m
[32meth_blockNumber (390)[0m
[32meth_blockNumber (391)[0m
[32meth_blockNumber (392)[0m
[32meth_blockNumber (393)[0m
[32meth_blockNumber (394)[0m
[32meth_blockNumber (395)[0m
[32meth_blockNumber (396)[0m
[32meth_blockNumber (397)[0m
[32meth_blockNumber (398)[0m
[32meth_blockNumber (399)[0m
[32meth_blockNumber (400)[0m
[32meth_blockNumber (401)[0m
[32meth_blockNumber (402)[0m
[32meth_blockNumber (403)[0m
[32meth_blockNumber (404)[0m
[32meth_blockNumber (405)[0m
[32meth_blockNumber (406)[0m
[32meth_blockNumber (407)[0m
[32meth_blockNumber (408)[0m
[32meth_blockNumber (409)[0m
[32meth_blockNumber (410)[0m
[32meth_blockNumber (411)[0m
[32meth_blockNumber (412)[0m
[32meth_blockNumber (413)[0m
[32meth_blockNumber (414)[0m
[32meth_blockNumber (415)[0m
[32meth_blockNumber (416)[0m
[32meth_blockNumber (417)[0m
[32meth_blockNumber (418)[0m
[32meth_blockNumber (419)[0m
[32meth_blockNumber (420)[0m
[32meth_blockNumber (421)[0m
[32meth_blockNumber (422)[0m
[32meth_blockNumber (423)[0m
[32meth_blockNumber (424)[0m
[32meth_blockNumber (425)[0m
[32meth_blockNumber (426)[0m
[32meth_blockNumber (427)[0m
[32meth_blockNumber (428)[0m
[32meth_blockNumber (429)[0m
[32meth_blockNumber (430)[0m
[32meth_blockNumber (431)[0m
[32meth_blockNumber (432)[0m
[32meth_blockNumber (433)[0m
[32meth_blockNumber (434)[0m
[32meth_blockNumber (435)[0m
[32meth_blockNumber (436)[0m
[32meth_blockNumber (437)[0m
[32meth_blockNumber (438)[0m
[32meth_blockNumber (439)[0m
[32meth_blockNumber (440)[0m
[32meth_blockNumber (441)[0m
[32meth_blockNumber (442)[0m
[32meth_blockNumber (443)[0m
[32meth_blockNumber (444)[0m
[32meth_blockNumber (445)[0m
[32meth_blockNumber (446)[0m
[32meth_blockNumber (447)[0m
[32meth_blockNumber (448)[0m
[32meth_blockNumber (449)[0m
[32meth_blockNumber (450)[0m
[32meth_blockNumber (451)[0m
[32meth_blockNumber (452)[0m
[32meth_blockNumber (453)[0m
[32meth_blockNumber (454)[0m
[32meth_blockNumber (455)[0m
[32meth_blockNumber (456)[0m
[32meth_blockNumber (457)[0m
[32meth_blockNumber (458)[0m
[32meth_blockNumber (459)[0m
[32meth_blockNumber (460)[0m
[32meth_blockNumber (461)[0m
[32meth_blockNumber (462)[0m
[32meth_blockNumber (463)[0m
[32meth_blockNumber (464)[0m
[32meth_blockNumber (465)[0m
[32meth_blockNumber (466)[0m
[32meth_blockNumber (467)[0m
[32meth_blockNumber (468)[0m
[32meth_blockNumber (469)[0m
[32meth_blockNumber (470)[0m
[32meth_blockNumber (471)[0m
[32meth_blockNumber (472)[0m
[32meth_blockNumber (473)[0m
[32meth_blockNumber (474)[0m
[32meth_blockNumber (475)[0m
[32meth_blockNumber (476)[0m
[32meth_blockNumber (477)[0m
[32meth_blockNumber (478)[0m
[32meth_blockNumber (479)[0m
[32meth_blockNumber (480)[0m
[32meth_blockNumber (481)[0m
[32meth_blockNumber (482)[0m
[32meth_blockNumber (483)[0m
[32meth_blockNumber (484)[0m
[32meth_blockNumber (485)[0m
[32meth_blockNumber (486)[0m
[32meth_blockNumber (487)[0m
[32meth_blockNumber (488)[0m
[32meth_blockNumber (489)[0m
[32meth_blockNumber (490)[0m
[32meth_blockNumber (491)[0m
[32meth_blockNumber (492)[0m
[32meth_blockNumber (493)[0m
[32meth_blockNumber (494)[0m
[32meth_blockNumber (495)[0m
[32meth_blockNumber (496)[0m
[32meth_blockNumber (497)[0m
[32meth_blockNumber (498)[0m
[32meth_blockNumber (499)[0m
[32meth_blockNumber (500)[0m
[32meth_blockNumber (501)[0m
[32meth_blockNumber (502)[0m
[32meth_blockNumber (503)[0m
[32meth_blockNumber (504)[0m
[32meth_blockNumber (505)[0m
[32meth_blockNumber (506)[0m
[32meth_blockNumber (507)[0m
[32meth_blockNumber (508)[0m
[32meth_blockNumber (509)[0m
[32meth_blockNumber (510)[0m
[32meth_blockNumber (511)[0m
[32meth_blockNumber (512)[0m
[32meth_blockNumber (513)[0m
[32meth_blockNumber (514)[0m
[32meth_blockNumber (515)[0m
[32meth_blockNumber (516)[0m
[32meth_blockNumber (517)[0m
[32meth_blockNumber (518)[0m
[32meth_blockNumber (519)[0m
[32meth_blockNumber (520)[0m
[32meth_blockNumber (521)[0m
[32meth_blockNumber (522)[0m
[32meth_blockNumber (523)[0m
[32meth_blockNumber (524)[0m
[32meth_blockNumber (525)[0m
[32meth_blockNumber (526)[0m
[32meth_blockNumber (527)[0m
[32meth_blockNumber (528)[0m
[32meth_blockNumber (529)[0m
[32meth_blockNumber (530)[0m
[32meth_blockNumber (531)[0m
[32meth_blockNumber (532)[0m
[32meth_blockNumber (533)[0m
[32meth_blockNumber (534)[0m
[32meth_blockNumber (535)[0m
[32meth_blockNumber (536)[0m
[32meth_blockNumber (537)[0m
[32meth_blockNumber (538)[0m
[32meth_blockNumber (539)[0m
[32meth_blockNumber (540)[0m
[32meth_blockNumber (541)[0m
[32meth_blockNumber (542)[0m
[32meth_blockNumber (543)[0m
[32meth_blockNumber (544)[0m
[32meth_blockNumber (545)[0m
[32meth_blockNumber (546)[0m
[32meth_blockNumber (547)[0m
[32meth_blockNumber (548)[0m
[32meth_blockNumber (549)[0m
[32meth_blockNumber (550)[0m
[32meth_blockNumber (551)[0m
[32meth_blockNumber (552)[0m
[32meth_blockNumber (553)[0m
[32meth_blockNumber (554)[0m
[32meth_blockNumber (555)[0m
[32meth_blockNumber (556)[0m
[32meth_blockNumber (557)[0m
[32meth_blockNumber (558)[0m
[32meth_blockNumber (559)[0m
[32meth_blockNumber (560)[0m
[32meth_blockNumber (561)[0m
[32meth_blockNumber (562)[0m
[32meth_blockNumber (563)[0m
[32meth_blockNumber (564)[0m
[32meth_blockNumber (565)[0m
[32meth_blockNumber (566)[0m
[32meth_blockNumber (567)[0m
[32meth_blockNumber (568)[0m
[32meth_blockNumber (569)[0m
[32meth_blockNumber (570)[0m
[32meth_blockNumber (571)[0m
[32meth_blockNumber (572)[0m
[32meth_blockNumber (573)[0m
[32meth_blockNumber (574)[0m
[32meth_blockNumber (575)[0m
[32meth_blockNumber (576)[0m
[32meth_blockNumber (577)[0m
[32meth_blockNumber (578)[0m
[32meth_blockNumber (579)[0m
[32meth_blockNumber (580)[0m
[32meth_blockNumber (581)[0m
[32meth_blockNumber (582)[0m
[32meth_blockNumber (583)[0m
[32meth_blockNumber (584)[0m
[32meth_blockNumber (585)[0m
[32meth_blockNumber (586)[0m
[32meth_blockNumber (587)[0m
[32meth_blockNumber (588)[0m
[32meth_blockNumber (589)[0m
[32meth_blockNumber (590)[0m
[32meth_blockNumber (591)[0m
[32meth_blockNumber (592)[0m
[32meth_blockNumber (593)[0m
[32meth_blockNumber (594)[0m
[32meth_blockNumber (595)[0m
[32meth_blockNumber (596)[0m
[32meth_blockNumber (597)[0m
[32meth_blockNumber (598)[0m
[32meth_blockNumber (599)[0m
[32meth_blockNumber (600)[0m
[32meth_blockNumber (601)[0m
[32meth_blockNumber (602)[0m
[32meth_blockNumber (603)[0m
[32meth_blockNumber (604)[0m
[32meth_blockNumber (605)[0m
[32meth_blockNumber (606)[0m
[32meth_blockNumber (607)[0m
[32meth_blockNumber (608)[0m
[32meth_blockNumber (609)[0m
[32meth_blockNumber (610)[0m
[32meth_blockNumber (611)[0m
[32meth_blockNumber (612)[0m
[32meth_blockNumber (613)[0m
[32meth_blockNumber (614)[0m
[32meth_blockNumber (615)[0m
[32meth_blockNumber (616)[0m
[32meth_blockNumber (617)[0m
[32meth_blockNumber (618)[0m
[32meth_blockNumber (619)[0m
[32meth_blockNumber (620)[0m
[32meth_blockNumber (621)[0m
[32meth_blockNumber (622)[0m
[32meth_blockNumber (623)[0m
[32meth_blockNumber (624)[0m
[32meth_blockNumber (625)[0m
[32meth_blockNumber (626)[0m
[32meth_blockNumber (627)[0m
[32meth_blockNumber (628)[0m
[32meth_blockNumber (629)[0m
[32meth_blockNumber (630)[0m
[32meth_blockNumber (631)[0m
[32meth_blockNumber (632)[0m
[32meth_blockNumber (633)[0m
[32meth_blockNumber (634)[0m
[32meth_blockNumber (635)[0m
[32meth_blockNumber (636)[0m
[32meth_blockNumber (637)[0m
[32meth_blockNumber (638)[0m
[32meth_blockNumber (639)[0m
[32meth_blockNumber (640)[0m
[32meth_blockNumber (641)[0m
[32meth_blockNumber (642)[0m
[32meth_blockNumber (643)[0m
[32meth_blockNumber (644)[0m
[32meth_blockNumber (645)[0m
[32meth_blockNumber (646)[0m
[32meth_blockNumber (647)[0m
[32meth_blockNumber (648)[0m
[32meth_blockNumber (649)[0m
[32meth_blockNumber (650)[0m
[32meth_blockNumber (651)[0m
[32meth_blockNumber (652)[0m
[32meth_blockNumber (653)[0m
[32meth_blockNumber (654)[0m
[32meth_blockNumber (655)[0m
[32meth_blockNumber (656)[0m
[32meth_blockNumber (657)[0m
[32meth_blockNumber (658)[0m
[32meth_blockNumber (659)[0m
[32meth_blockNumber (660)[0m
[32meth_blockNumber (661)[0m
[32meth_blockNumber (662)[0m
[32meth_blockNumber (663)[0m
[32meth_blockNumber (664)[0m
[32meth_blockNumber (665)[0m
[32meth_blockNumber (666)[0m
[32meth_blockNumber (667)[0m
[32meth_blockNumber (668)[0m
[32meth_blockNumber (669)[0m
[32meth_blockNumber (670)[0m
[32meth_blockNumber (671)[0m
[32meth_blockNumber (672)[0m
[32meth_blockNumber (673)[0m
[32meth_blockNumber (674)[0m
[32meth_blockNumber (675)[0m
[32meth_blockNumber (676)[0m
[32meth_blockNumber (677)[0m
[32meth_blockNumber (678)[0m
[32meth_blockNumber (679)[0m
[32meth_blockNumber (680)[0m
[32meth_blockNumber (681)[0m
[32meth_blockNumber (682)[0m
[32meth_blockNumber (683)[0m
[32meth_blockNumber (684)[0m
[32meth_blockNumber (685)[0m
[32meth_blockNumber (686)[0m
[32meth_blockNumber (687)[0m
[32meth_blockNumber (688)[0m
[32meth_blockNumber (689)[0m
[32meth_blockNumber (690)[0m
[32meth_blockNumber (691)[0m
[32meth_blockNumber (692)[0m
[32meth_blockNumber (693)[0m
[32meth_blockNumber (694)[0m
[32meth_blockNumber (695)[0m
[32meth_blockNumber (696)[0m
[32meth_blockNumber (697)[0m
[32meth_blockNumber (698)[0m
[32meth_blockNumber (699)[0m
[32meth_blockNumber (700)[0m
[32meth_blockNumber (701)[0m
[32meth_blockNumber (702)[0m
[32meth_blockNumber (703)[0m
[32meth_blockNumber (704)[0m
[32meth_blockNumber (705)[0m
[32meth_blockNumber (706)[0m
[32meth_blockNumber (707)[0m
[32meth_blockNumber (708)[0m
[32meth_blockNumber (709)[0m
[32meth_blockNumber (710)[0m
[32meth_blockNumber (711)[0m
[32meth_blockNumber (712)[0m
[32meth_blockNumber (713)[0m
[32meth_blockNumber (714)[0m
[32meth_blockNumber (715)[0m
[32meth_blockNumber (716)[0m
[32meth_blockNumber (717)[0m
[32meth_blockNumber (718)[0m
[32meth_blockNumber (719)[0m
[32meth_blockNumber (720)[0m
[32meth_blockNumber (721)[0m
[32meth_blockNumber (722)[0m
[32meth_blockNumber (723)[0m
[32meth_blockNumber (724)[0m
[32meth_blockNumber (725)[0m
[32meth_blockNumber (726)[0m
[32meth_blockNumber (727)[0m
[32meth_blockNumber (728)[0m
[32meth_blockNumber (729)[0m
[32meth_blockNumber (730)[0m
[32meth_blockNumber (731)[0m
[32meth_blockNumber (732)[0m
[32meth_blockNumber (733)[0m
[32meth_blockNumber (734)[0m
[32meth_blockNumber (735)[0m
[32meth_blockNumber (736)[0m
[32meth_blockNumber (737)[0m
[32meth_blockNumber (738)[0m
[32meth_blockNumber (739)[0m
[32meth_blockNumber (740)[0m
[32meth_blockNumber (741)[0m
[32meth_blockNumber (742)[0m
[32meth_blockNumber (743)[0m
[32meth_blockNumber (744)[0m
[32meth_blockNumber (745)[0m
[32meth_blockNumber (746)[0m
[32meth_blockNumber (747)[0m
[32meth_blockNumber (748)[0m
[32meth_blockNumber (749)[0m
[32meth_blockNumber (750)[0m
[32meth_blockNumber (751)[0m
[32meth_blockNumber (752)[0m
[32meth_blockNumber (753)[0m
[32meth_blockNumber (754)[0m
[32meth_blockNumber (755)[0m
[32meth_blockNumber (756)[0m
[32meth_blockNumber (757)[0m
[32meth_blockNumber (758)[0m
[32meth_blockNumber (759)[0m
[32meth_blockNumber (760)[0m
[32meth_blockNumber (761)[0m
[32meth_blockNumber (762)[0m
[32meth_blockNumber (763)[0m
[32meth_blockNumber (764)[0m
[32meth_blockNumber (765)[0m
[32meth_blockNumber (766)[0m
[32meth_blockNumber (767)[0m
[32meth_blockNumber (768)[0m
[32meth_blockNumber (769)[0m
[32meth_blockNumber (770)[0m
[32meth_blockNumber (771)[0m
[32meth_blockNumber (772)[0m
[32meth_blockNumber (773)[0m
[32meth_blockNumber (774)[0m
[32meth_blockNumber (775)[0m
[32meth_blockNumber (776)[0m
[32meth_blockNumber (777)[0m
[32meth_blockNumber (778)[0m
[32meth_blockNumber (779)[0m
[32meth_blockNumber (780)[0m
[32meth_blockNumber (781)[0m
[32meth_blockNumber (782)[0m
[32meth_blockNumber (783)[0m
[32meth_blockNumber (784)[0m
[32meth_blockNumber (785)[0m
[32meth_blockNumber (786)[0m
[32meth_blockNumber (787)[0m
[32meth_blockNumber (788)[0m
[32meth_blockNumber (789)[0m
[32meth_blockNumber (790)[0m
[32meth_blockNumber (791)[0m
[32meth_blockNumber (792)[0m
[32meth_blockNumber (793)[0m
[32meth_blockNumber (794)[0m
[32meth_blockNumber (795)[0m
[32meth_blockNumber (796)[0m
[32meth_blockNumber (797)[0m
[32meth_blockNumber (798)[0m
[32meth_blockNumber (799)[0m
[32meth_blockNumber (800)[0m
[32meth_blockNumber (801)[0m
[32meth_blockNumber (802)[0m
[32meth_blockNumber (803)[0m
[32meth_blockNumber (804)[0m
[32meth_blockNumber (805)[0m
[32meth_blockNumber (806)[0m
[32meth_blockNumber (807)[0m
[32meth_blockNumber (808)[0m
[32meth_blockNumber (809)[0m
[32meth_blockNumber (810)[0m
[32meth_blockNumber (811)[0m
[32meth_blockNumber (812)[0m
[32meth_blockNumber (813)[0m
[32meth_blockNumber (814)[0m
[32meth_blockNumber (815)[0m
[32meth_blockNumber (816)[0m
[32meth_blockNumber (817)[0m
[32meth_blockNumber (818)[0m
[32meth_blockNumber (819)[0m
[32meth_blockNumber (820)[0m
[32meth_blockNumber (821)[0m
[32meth_blockNumber (822)[0m
[32meth_blockNumber (823)[0m
[32meth_blockNumber (824)[0m
[32meth_blockNumber (825)[0m
[32meth_blockNumber (826)[0m
[32meth_blockNumber (827)[0m
[32meth_blockNumber (828)[0m
[32meth_blockNumber (829)[0m
[32meth_blockNumber (830)[0m
[32meth_blockNumber (831)[0m
[32meth_blockNumber (832)[0m
[32meth_blockNumber (833)[0m
[32meth_blockNumber (834)[0m
[32meth_blockNumber (835)[0m
[32meth_blockNumber (836)[0m
[32meth_blockNumber (837)[0m
[32meth_blockNumber (838)[0m
[32meth_blockNumber (839)[0m
[32meth_blockNumber (840)[0m
[32meth_blockNumber (841)[0m
[32meth_blockNumber (842)[0m
[32meth_blockNumber (843)[0m
[32meth_blockNumber (844)[0m
[32meth_blockNumber (845)[0m
[32meth_blockNumber (846)[0m
[32meth_blockNumber (847)[0m
[32meth_blockNumber (848)[0m
[32meth_blockNumber (849)[0m
[32meth_blockNumber (850)[0m
[32meth_blockNumber (851)[0m
[32meth_blockNumber (852)[0m
[32meth_blockNumber (853)[0m
[32meth_blockNumber (854)[0m
[32meth_blockNumber (855)[0m
[32meth_blockNumber (856)[0m
[32meth_blockNumber (857)[0m
[32meth_blockNumber (858)[0m
[32meth_blockNumber (859)[0m
[32meth_blockNumber (860)[0m
[32meth_blockNumber (861)[0m
[32meth_blockNumber (862)[0m
[32meth_blockNumber (863)[0m
[32meth_blockNumber (864)[0m
[32meth_blockNumber (865)[0m
[32meth_blockNumber (866)[0m
[32meth_blockNumber (867)[0m
[32meth_blockNumber (868)[0m
[32meth_blockNumber (869)[0m
[32meth_blockNumber (870)[0m
[32meth_blockNumber (871)[0m
[32meth_blockNumber (872)[0m
[32meth_blockNumber (873)[0m
[32meth_blockNumber (874)[0m
[32meth_blockNumber (875)[0m
[32meth_blockNumber (876)[0m
[32meth_blockNumber (877)[0m
[32meth_blockNumber (878)[0m
[32meth_blockNumber (879)[0m
[32meth_blockNumber (880)[0m
[32meth_blockNumber (881)[0m
[32meth_blockNumber (882)[0m
[32meth_blockNumber (883)[0m
[32meth_blockNumber (884)[0m
[32meth_blockNumber (885)[0m
[32meth_blockNumber (886)[0m
[32meth_blockNumber (887)[0m
[32meth_blockNumber (888)[0m
[32meth_blockNumber (889)[0m
[32meth_blockNumber (890)[0m
[32meth_blockNumber (891)[0m
[32meth_blockNumber (892)[0m
[32meth_blockNumber (893)[0m
[32meth_blockNumber (894)[0m
[32meth_blockNumber (895)[0m
[32meth_blockNumber (896)[0m
[32meth_blockNumber (897)[0m
[32meth_blockNumber (898)[0m
[32meth_blockNumber (899)[0m
[32meth_blockNumber (900)[0m
[32meth_blockNumber (901)[0m
[32meth_blockNumber (902)[0m
[32meth_blockNumber (903)[0m
[32meth_blockNumber (904)[0m
[32meth_blockNumber (905)[0m
[32meth_blockNumber (906)[0m
[32meth_blockNumber (907)[0m
[32meth_blockNumber (908)[0m
[32meth_blockNumber (909)[0m
[32meth_blockNumber (910)[0m
[32meth_blockNumber (911)[0m
[32meth_blockNumber (912)[0m
[32meth_blockNumber (913)[0m
[32meth_blockNumber (914)[0m
[32meth_blockNumber (915)[0m
[32meth_blockNumber (916)[0m
[32meth_blockNumber (917)[0m
[32meth_blockNumber (918)[0m
[32meth_blockNumber (919)[0m
[32meth_blockNumber (920)[0m
[32meth_blockNumber (921)[0m
[32meth_blockNumber (922)[0m
[32meth_blockNumber (923)[0m
[32meth_blockNumber (924)[0m
[32meth_blockNumber (925)[0m
[32meth_blockNumber (926)[0m
[32meth_blockNumber (927)[0m
[32meth_blockNumber (928)[0m
[32meth_blockNumber (929)[0m
[32meth_blockNumber (930)[0m
[32meth_blockNumber (931)[0m
[32meth_blockNumber (932)[0m
[32meth_blockNumber (933)[0m
[32meth_blockNumber (934)[0m
[32meth_blockNumber (935)[0m
[32meth_blockNumber (936)[0m
[32meth_blockNumber (937)[0m
[32meth_blockNumber (938)[0m
[32meth_blockNumber (939)[0m
[32meth_blockNumber (940)[0m
[32meth_blockNumber (941)[0m
[32meth_blockNumber (942)[0m
[32meth_blockNumber (943)[0m
[32meth_blockNumber (944)[0m
[32meth_blockNumber (945)[0m
[32meth_blockNumber (946)[0m
[32meth_blockNumber (947)[0m
[32meth_blockNumber (948)[0m
[32meth_blockNumber (949)[0m
[32meth_blockNumber (950)[0m
[32meth_blockNumber (951)[0m
[32meth_blockNumber (952)[0m
[32meth_blockNumber (953)[0m
[32meth_blockNumber (954)[0m
[32meth_blockNumber (955)[0m
[32meth_blockNumber (956)[0m
[32meth_blockNumber (957)[0m
[32meth_blockNumber (958)[0m
[32meth_blockNumber (959)[0m
[32meth_blockNumber (960)[0m
[32meth_blockNumber (961)[0m
[32meth_blockNumber (962)[0m
[32meth_blockNumber (963)[0m
[32meth_blockNumber (964)[0m
[32meth_blockNumber (965)[0m
[32meth_blockNumber (966)[0m
[32meth_blockNumber (967)[0m
[32meth_blockNumber (968)[0m
[32meth_blockNumber (969)[0m
[32meth_blockNumber (970)[0m
[32meth_blockNumber (971)[0m
[32meth_blockNumber (972)[0m
[32meth_blockNumber (973)[0m
[32meth_blockNumber (974)[0m
[32meth_blockNumber (975)[0m
[32meth_blockNumber (976)[0m
[32meth_blockNumber (977)[0m
[32meth_blockNumber (978)[0m
[32meth_blockNumber (979)[0m
[32meth_blockNumber (980)[0m
[32meth_blockNumber (981)[0m
[32meth_blockNumber (982)[0m
[32meth_blockNumber (983)[0m
[32meth_blockNumber (984)[0m
[32meth_blockNumber (985)[0m
[32meth_blockNumber (986)[0m
[32meth_blockNumber (987)[0m
[32meth_blockNumber (988)[0m
[32meth_blockNumber (989)[0m
[32meth_blockNumber (990)[0m
[32meth_blockNumber (991)[0m
[32meth_blockNumber (992)[0m
[32meth_blockNumber (993)[0m
[32meth_blockNumber (994)[0m
[32meth_blockNumber (995)[0m
[32meth_blockNumber (996)[0m
[32meth_blockNumber (997)[0m
[32meth_blockNumber (998)[0m
[32meth_blockNumber (999)[0m
[32meth_blockNumber (1000)[0m
[32meth_blockNumber (1001)[0m
[32meth_blockNumber (1002)[0m
[32meth_blockNumber (1003)[0m
[32meth_blockNumber (1004)[0m
[32meth_blockNumber (1005)[0m
[32meth_blockNumber (1006)[0m
[32meth_blockNumber (1007)[0m
[32meth_blockNumber (1008)[0m
[32meth_blockNumber (1009)[0m
[32meth_blockNumber (1010)[0m
[32meth_blockNumber (1011)[0m
[32meth_blockNumber (1012)[0m
[32meth_blockNumber (1013)[0m
[32meth_blockNumber (1014)[0m
[32meth_blockNumber (1015)[0m
[32meth_blockNumber (1016)[0m
[32meth_blockNumber (1017)[0m
[32meth_blockNumber (1018)[0m
[32meth_blockNumber (1019)[0m
[32meth_blockNumber (1020)[0m
[32meth_blockNumber (1021)[0m
[32meth_blockNumber (1022)[0m
[32meth_blockNumber (1023)[0m
[32meth_blockNumber (1024)[0m
[32meth_blockNumber (1025)[0m
[32meth_blockNumber (1026)[0m
[32meth_blockNumber (1027)[0m
[32meth_blockNumber (1028)[0m
[32meth_blockNumber (1029)[0m
[32meth_blockNumber (1030)[0m
[32meth_blockNumber (1031)[0m
[32meth_blockNumber (1032)[0m
[32meth_blockNumber (1033)[0m
[32meth_blockNumber (1034)[0m
[32meth_blockNumber (1035)[0m
[32meth_blockNumber (1036)[0m
[32meth_blockNumber (1037)[0m
[32meth_blockNumber (1038)[0m
[32meth_blockNumber (1039)[0m
[32meth_blockNumber (1040)[0m
[32meth_blockNumber (1041)[0m
[32meth_blockNumber (1042)[0m
[32meth_blockNumber (1043)[0m
[32meth_blockNumber (1044)[0m
[32meth_blockNumber (1045)[0m
[32meth_blockNumber (1046)[0m
[32meth_blockNumber (1047)[0m
[32meth_blockNumber (1048)[0m
[32meth_blockNumber (1049)[0m
[32meth_blockNumber (1050)[0m
[32meth_blockNumber (1051)[0m
[32meth_blockNumber (1052)[0m
[32meth_blockNumber (1053)[0m
[32meth_blockNumber (1054)[0m
[32meth_blockNumber (1055)[0m
[32meth_blockNumber (1056)[0m
[32meth_blockNumber (1057)[0m
[32meth_blockNumber (1058)[0m
[32meth_blockNumber (1059)[0m
[32meth_blockNumber (1060)[0m
[32meth_blockNumber (1061)[0m
[32meth_blockNumber (1062)[0m
[32meth_blockNumber (1063)[0m
[32meth_blockNumber (1064)[0m
[32meth_blockNumber (1065)[0m
[32meth_blockNumber (1066)[0m
[32meth_blockNumber (1067)[0m
[32meth_blockNumber (1068)[0m
[32meth_blockNumber (1069)[0m
[32meth_blockNumber (1070)[0m
[32meth_blockNumber (1071)[0m
[32meth_blockNumber (1072)[0m
[32meth_blockNumber (1073)[0m
[32meth_blockNumber (1074)[0m
[32meth_blockNumber (1075)[0m
[32meth_blockNumber (1076)[0m
[32meth_blockNumber (1077)[0m
[32meth_blockNumber (1078)[0m
[32meth_blockNumber (1079)[0m
[32meth_blockNumber (1080)[0m
[32meth_blockNumber (1081)[0m
[32meth_blockNumber (1082)[0m
[32meth_blockNumber (1083)[0m
[32meth_blockNumber (1084)[0m
[32meth_blockNumber (1085)[0m
[32meth_blockNumber (1086)[0m
[32meth_blockNumber (1087)[0m
[32meth_blockNumber (1088)[0m
[32meth_blockNumber (1089)[0m
[32meth_blockNumber (1090)[0m
[32meth_blockNumber (1091)[0m
[32meth_blockNumber (1092)[0m
[32meth_blockNumber (1093)[0m
[32meth_blockNumber (1094)[0m
[32meth_blockNumber (1095)[0m
[32meth_blockNumber (1096)[0m
[32meth_blockNumber (1097)[0m
[32meth_blockNumber (1098)[0m
[32meth_blockNumber (1099)[0m
[32meth_blockNumber (1100)[0m
[32meth_blockNumber (1101)[0m
[32meth_blockNumber (1102)[0m
[32meth_blockNumber (1103)[0m
[32meth_blockNumber (1104)[0m
[32meth_blockNumber (1105)[0m
[32meth_blockNumber (1106)[0m
[32meth_blockNumber (1107)[0m
[32meth_blockNumber (1108)[0m
[32meth_blockNumber (1109)[0m
[32meth_blockNumber (1110)[0m
[32meth_blockNumber (1111)[0m
[32meth_blockNumber (1112)[0m
[32meth_blockNumber (1113)[0m
[32meth_blockNumber (1114)[0m
[32meth_blockNumber (1115)[0m
[32meth_blockNumber (1116)[0m
[32meth_blockNumber (1117)[0m
[32meth_blockNumber (1118)[0m
[32meth_blockNumber (1119)[0m
[32meth_blockNumber (1120)[0m
[32meth_blockNumber (1121)[0m
[32meth_blockNumber (1122)[0m
[32meth_blockNumber (1123)[0m
[32meth_blockNumber (1124)[0m
[32meth_blockNumber (1125)[0m
[32meth_blockNumber (1126)[0m
[32meth_blockNumber (1127)[0m
[32meth_blockNumber (1128)[0m
[32meth_blockNumber (1129)[0m
[32meth_blockNumber (1130)[0m
[32meth_blockNumber (1131)[0m
[32meth_blockNumber (1132)[0m
[32meth_blockNumber (1133)[0m
[32meth_blockNumber (1134)[0m
[32meth_blockNumber (1135)[0m
[32meth_blockNumber (1136)[0m
[32meth_blockNumber (1137)[0m
[32meth_blockNumber (1138)[0m
[32meth_blockNumber (1139)[0m
[32meth_blockNumber (1140)[0m
[32meth_blockNumber (1141)[0m
[32meth_blockNumber (1142)[0m
[32meth_blockNumber (1143)[0m
[32meth_blockNumber (1144)[0m
[32meth_blockNumber (1145)[0m
[32meth_blockNumber (1146)[0m
[32meth_blockNumber (1147)[0m
[32meth_blockNumber (1148)[0m
[32meth_blockNumber (1149)[0m
[32meth_blockNumber (1150)[0m
[32meth_blockNumber (1151)[0m
[32meth_blockNumber (1152)[0m
[32meth_blockNumber (1153)[0m
[32meth_blockNumber (1154)[0m
[32meth_blockNumber (1155)[0m
[32meth_blockNumber (1156)[0m
[32meth_blockNumber (1157)[0m
[32meth_blockNumber (1158)[0m
[32meth_blockNumber (1159)[0m
[32meth_blockNumber (1160)[0m
[32meth_blockNumber (1161)[0m
[32meth_blockNumber (1162)[0m
[32meth_blockNumber (1163)[0m
[32meth_blockNumber (1164)[0m
[32meth_blockNumber (1165)[0m
[32meth_blockNumber (1166)[0m
[32meth_blockNumber (1167)[0m
[32meth_blockNumber (1168)[0m
[32meth_blockNumber (1169)[0m
[32meth_blockNumber (1170)[0m
[32meth_blockNumber (1171)[0m
[32meth_blockNumber (1172)[0m
[32meth_blockNumber (1173)[0m
[32meth_blockNumber (1174)[0m
[32meth_blockNumber (1175)[0m
[32meth_blockNumber (1176)[0m
[32meth_blockNumber (1177)[0m
[32meth_blockNumber (1178)[0m
[32meth_blockNumber (1179)[0m
[32meth_blockNumber (1180)[0m
[32meth_blockNumber (1181)[0m
[32meth_blockNumber (1182)[0m
[32meth_blockNumber (1183)[0m
[32meth_blockNumber (1184)[0m
[32meth_blockNumber (1185)[0m
[32meth_blockNumber (1186)[0m
[32meth_blockNumber (1187)[0m
[32meth_blockNumber (1188)[0m
[32meth_blockNumber (1189)[0m
[32meth_blockNumber (1190)[0m
[32meth_blockNumber (1191)[0m
[32meth_blockNumber (1192)[0m
[32meth_blockNumber (1193)[0m
[32meth_blockNumber (1194)[0m
[32meth_blockNumber (1195)[0m
[32meth_blockNumber (1196)[0m
[32meth_blockNumber (1197)[0m
[32meth_blockNumber (1198)[0m
[32meth_blockNumber (1199)[0m
[32meth_blockNumber (1200)[0m
[32meth_blockNumber (1201)[0m
[32meth_blockNumber (1202)[0m
[32meth_blockNumber (1203)[0m
[32meth_blockNumber (1204)[0m
[32meth_blockNumber (1205)[0m
[32meth_blockNumber (1206)[0m
[32meth_blockNumber (1207)[0m
[32meth_blockNumber (1208)[0m
[32meth_blockNumber (1209)[0m
[32meth_blockNumber (1210)[0m
[32meth_blockNumber (1211)[0m
[32meth_blockNumber (1212)[0m
[32meth_blockNumber (1213)[0m
[32meth_blockNumber (1214)[0m
